Determining if the pthread_create exist failed with the following output:
Change Dir: /home/im_hongxian_yi/catkin_ws/build/CMakeFiles/CMakeTmp

Run Build Command:"/usr/bin/make" "cmTC_b80ab/fast"
/usr/bin/make -f CMakeFiles/cmTC_b80ab.dir/build.make CMakeFiles/cmTC_b80ab.dir/build
make[1]: Entering directory '/home/im_hongxian_yi/catkin_ws/build/CMakeFiles/CMakeTmp'
Building C object CMakeFiles/cmTC_b80ab.dir/CheckSymbolExists.c.o
/usr/bin/cc     -o CMakeFiles/cmTC_b80ab.dir/CheckSymbolExists.c.o   -c /home/im_hongxian_yi/catkin_ws/build/CMakeFiles/CMakeTmp/CheckSymbolExists.c
Linking C executable cmTC_b80ab
/usr/bin/cmake -E cmake_link_script CMakeFiles/cmTC_b80ab.dir/link.txt --verbose=1
/usr/bin/cc       CMakeFiles/cmTC_b80ab.dir/CheckSymbolExists.c.o  -o cmTC_b80ab -rdynamic 
CMakeFiles/cmTC_b80ab.dir/CheckSymbolExists.c.o: In function `main':
CheckSymbolExists.c:(.text+0x16): undefined reference to `pthread_create'
collect2: error: ld returned 1 exit status
CMakeFiles/cmTC_b80ab.dir/build.make:97: recipe for target 'cmTC_b80ab' failed
make[1]: *** [cmTC_b80ab] Error 1
make[1]: Leaving directory '/home/im_hongxian_yi/catkin_ws/build/CMakeFiles/CMakeTmp'
Makefile:126: recipe for target 'cmTC_b80ab/fast' failed
make: *** [cmTC_b80ab/fast] Error 2

File /home/im_hongxian_yi/catkin_ws/build/CMakeFiles/CMakeTmp/CheckSymbolExists.c:
/* */
#include <pthread.h>

int main(int argc, char** argv)
{
  (void)argv;
#ifndef pthread_create
  return ((int*)(&pthread_create))[argc];
#else
  (void)argc;
  return 0;
#endif
}

Determining if the function pthread_create exists in the pthreads failed with the following output:
Change Dir: /home/im_hongxian_yi/catkin_ws/build/CMakeFiles/CMakeTmp

Run Build Command:"/usr/bin/make" "cmTC_0ced2/fast"
/usr/bin/make -f CMakeFiles/cmTC_0ced2.dir/build.make CMakeFiles/cmTC_0ced2.dir/build
make[1]: Entering directory '/home/im_hongxian_yi/catkin_ws/build/CMakeFiles/CMakeTmp'
Building C object CMakeFiles/cmTC_0ced2.dir/CheckFunctionExists.c.o
/usr/bin/cc    -DCHECK_FUNCTION_EXISTS=pthread_create   -o CMakeFiles/cmTC_0ced2.dir/CheckFunctionExists.c.o   -c /usr/share/cmake-3.5/Modules/CheckFunctionExists.c
Linking C executable cmTC_0ced2
/usr/bin/cmake -E cmake_link_script CMakeFiles/cmTC_0ced2.dir/link.txt --verbose=1
/usr/bin/cc   -DCHECK_FUNCTION_EXISTS=pthread_create    CMakeFiles/cmTC_0ced2.dir/CheckFunctionExists.c.o  -o cmTC_0ced2 -rdynamic -lpthreads 
/usr/bin/ld: cannot find -lpthreads
collect2: error: ld returned 1 exit status
CMakeFiles/cmTC_0ced2.dir/build.make:97: recipe for target 'cmTC_0ced2' failed
make[1]: *** [cmTC_0ced2] Error 1
make[1]: Leaving directory '/home/im_hongxian_yi/catkin_ws/build/CMakeFiles/CMakeTmp'
Makefile:126: recipe for target 'cmTC_0ced2/fast' failed
make: *** [cmTC_0ced2/fast] Error 2


